[0.818s] Invoking command in '/home/kerim/ros2_ws/src/my_robot_controller': PYTHONPATH=/home/kerim/ros2_ws/build/my_robot_controller/prefix_override:/home/kerim/ros2_ws/install/my_robot_controller/lib/python3.10/site-packages:${PYTHONPATH} /usr/bin/python3 -W ignore:setup.py install is deprecated setup.py egg_info --egg-base ../../build/my_robot_controller build --build-base /home/kerim/ros2_ws/build/my_robot_controller/build install --record /home/kerim/ros2_ws/build/my_robot_controller/install.log --single-version-externally-managed install_data
[1.066s] running egg_info
[1.068s] writing ../../build/my_robot_controller/my_robot_controller.egg-info/PKG-INFO
[1.112s] writing dependency_links to ../../build/my_robot_controller/my_robot_controller.egg-info/dependency_links.txt
[1.113s] writing entry points to ../../build/my_robot_controller/my_robot_controller.egg-info/entry_points.txt
[1.114s] writing requirements to ../../build/my_robot_controller/my_robot_controller.egg-info/requires.txt
[1.115s] writing top-level names to ../../build/my_robot_controller/my_robot_controller.egg-info/top_level.txt
[1.118s] reading manifest file '../../build/my_robot_controller/my_robot_controller.egg-info/SOURCES.txt'
[1.121s] writing manifest file '../../build/my_robot_controller/my_robot_controller.egg-info/SOURCES.txt'
[1.121s] running build
[1.121s] running build_py
[1.123s] copying my_robot_controller/my_first_node.py -> /home/kerim/ros2_ws/build/my_robot_controller/build/lib/my_robot_controller
[1.123s] running install
[1.124s] running install_lib
[1.125s] copying /home/kerim/ros2_ws/build/my_robot_controller/build/lib/my_robot_controller/my_first_node.py -> /home/kerim/ros2_ws/install/my_robot_controller/lib/python3.10/site-packages/my_robot_controller
[1.126s] byte-compiling /home/kerim/ros2_ws/install/my_robot_controller/lib/python3.10/site-packages/my_robot_controller/my_first_node.py to my_first_node.cpython-310.pyc
[1.127s] running install_data
[1.127s] running install_egg_info
[1.129s] removing '/home/kerim/ros2_ws/install/my_robot_controller/lib/python3.10/site-packages/my_robot_controller-0.0.0-py3.10.egg-info' (and everything under it)
[1.129s] Copying ../../build/my_robot_controller/my_robot_controller.egg-info to /home/kerim/ros2_ws/install/my_robot_controller/lib/python3.10/site-packages/my_robot_controller-0.0.0-py3.10.egg-info
[1.131s] running install_scripts
[1.157s] Installing test_node script to /home/kerim/ros2_ws/install/my_robot_controller/lib/my_robot_controller
[1.158s] writing list of installed files to '/home/kerim/ros2_ws/build/my_robot_controller/install.log'
[1.190s] Invoked command in '/home/kerim/ros2_ws/src/my_robot_controller' returned '0': PYTHONPATH=/home/kerim/ros2_ws/build/my_robot_controller/prefix_override:/home/kerim/ros2_ws/install/my_robot_controller/lib/python3.10/site-packages:${PYTHONPATH} /usr/bin/python3 -W ignore:setup.py install is deprecated setup.py egg_info --egg-base ../../build/my_robot_controller build --build-base /home/kerim/ros2_ws/build/my_robot_controller/build install --record /home/kerim/ros2_ws/build/my_robot_controller/install.log --single-version-externally-managed install_data
