[0.856s] Invoking command in '/home/kerim/ros2_ws/src/my_robot_controller': PYTHONPATH=/home/kerim/ros2_ws/build/my_robot_controller/prefix_override:/home/kerim/ros2_ws/install/my_robot_controller/lib/python3.10/site-packages:${PYTHONPATH} /usr/bin/python3 -W ignore:setup.py install is deprecated setup.py egg_info --egg-base ../../build/my_robot_controller build --build-base /home/kerim/ros2_ws/build/my_robot_controller/build install --record /home/kerim/ros2_ws/build/my_robot_controller/install.log --single-version-externally-managed install_data
[1.094s] running egg_info
[1.095s] creating ../../build/my_robot_controller/my_robot_controller.egg-info
[1.095s] writing ../../build/my_robot_controller/my_robot_controller.egg-info/PKG-INFO
[1.096s] writing dependency_links to ../../build/my_robot_controller/my_robot_controller.egg-info/dependency_links.txt
[1.096s] writing entry points to ../../build/my_robot_controller/my_robot_controller.egg-info/entry_points.txt
[1.096s] writing requirements to ../../build/my_robot_controller/my_robot_controller.egg-info/requires.txt
[1.096s] writing top-level names to ../../build/my_robot_controller/my_robot_controller.egg-info/top_level.txt
[1.097s] writing manifest file '../../build/my_robot_controller/my_robot_controller.egg-info/SOURCES.txt'
[1.099s] reading manifest file '../../build/my_robot_controller/my_robot_controller.egg-info/SOURCES.txt'
[1.099s] writing manifest file '../../build/my_robot_controller/my_robot_controller.egg-info/SOURCES.txt'
[1.100s] running build
[1.100s] running build_py
[1.100s] creating /home/kerim/ros2_ws/build/my_robot_controller/build
[1.100s] creating /home/kerim/ros2_ws/build/my_robot_controller/build/lib
[1.100s] creating /home/kerim/ros2_ws/build/my_robot_controller/build/lib/my_robot_controller
[1.101s] copying my_robot_controller/__init__.py -> /home/kerim/ros2_ws/build/my_robot_controller/build/lib/my_robot_controller
[1.101s] running install
[1.101s] running install_lib
[1.102s] creating /home/kerim/ros2_ws/install/my_robot_controller/lib/python3.10/site-packages/my_robot_controller
[1.103s] copying /home/kerim/ros2_ws/build/my_robot_controller/build/lib/my_robot_controller/__init__.py -> /home/kerim/ros2_ws/install/my_robot_controller/lib/python3.10/site-packages/my_robot_controller
[1.103s] byte-compiling /home/kerim/ros2_ws/install/my_robot_controller/lib/python3.10/site-packages/my_robot_controller/__init__.py to __init__.cpython-310.pyc
[1.104s] running install_data
[1.104s] creating /home/kerim/ros2_ws/install/my_robot_controller/share/ament_index
[1.104s] creating /home/kerim/ros2_ws/install/my_robot_controller/share/ament_index/resource_index
[1.104s] creating /home/kerim/ros2_ws/install/my_robot_controller/share/ament_index/resource_index/packages
[1.104s] copying resource/my_robot_controller -> /home/kerim/ros2_ws/install/my_robot_controller/share/ament_index/resource_index/packages
[1.105s] copying package.xml -> /home/kerim/ros2_ws/install/my_robot_controller/share/my_robot_controller
[1.105s] running install_egg_info
[1.107s] Copying ../../build/my_robot_controller/my_robot_controller.egg-info to /home/kerim/ros2_ws/install/my_robot_controller/lib/python3.10/site-packages/my_robot_controller-0.0.0-py3.10.egg-info
[1.108s] running install_scripts
[1.129s] writing list of installed files to '/home/kerim/ros2_ws/build/my_robot_controller/install.log'
[1.166s] Invoked command in '/home/kerim/ros2_ws/src/my_robot_controller' returned '0': PYTHONPATH=/home/kerim/ros2_ws/build/my_robot_controller/prefix_override:/home/kerim/ros2_ws/install/my_robot_controller/lib/python3.10/site-packages:${PYTHONPATH} /usr/bin/python3 -W ignore:setup.py install is deprecated setup.py egg_info --egg-base ../../build/my_robot_controller build --build-base /home/kerim/ros2_ws/build/my_robot_controller/build install --record /home/kerim/ros2_ws/build/my_robot_controller/install.log --single-version-externally-managed install_data
