[0.656s] Invoking command in '/home/kerim/ros2_ws/build/my_robot_controller': PYTHONPATH=/home/kerim/ros2_ws/build/my_robot_controller/prefix_override:/home/kerim/ros2_ws/install/my_robot_controller/lib/python3.10/site-packages:${PYTHONPATH} /usr/bin/python3 -W ignore:setup.py install is deprecated setup.py develop --editable --build-directory /home/kerim/ros2_ws/build/my_robot_controller/build --no-deps symlink_data --force
[0.981s] running develop
[0.983s] /usr/lib/python3/dist-packages/setuptools/command/easy_install.py:158: EasyInstallDeprecationWarning: easy_install command is deprecated. Use build and pip and other standards-based tools.
[0.983s]   warnings.warn(
[1.137s] running egg_info
[1.137s] writing my_robot_controller.egg-info/PKG-INFO
[1.138s] writing dependency_links to my_robot_controller.egg-info/dependency_links.txt
[1.138s] writing entry points to my_robot_controller.egg-info/entry_points.txt
[1.139s] writing requirements to my_robot_controller.egg-info/requires.txt
[1.139s] writing top-level names to my_robot_controller.egg-info/top_level.txt
[1.141s] reading manifest file 'my_robot_controller.egg-info/SOURCES.txt'
[1.142s] writing manifest file 'my_robot_controller.egg-info/SOURCES.txt'
[1.144s] running build_ext
[1.144s] Creating /home/kerim/ros2_ws/install/my_robot_controller/lib/python3.10/site-packages/my-robot-controller.egg-link (link to .)
[1.145s] Installing test_node script to /home/kerim/ros2_ws/install/my_robot_controller/lib/my_robot_controller
[1.146s] 
[1.146s] Installed /home/kerim/ros2_ws/build/my_robot_controller
[1.146s] running symlink_data
[1.147s] symbolically linking /home/kerim/ros2_ws/build/my_robot_controller/resource/my_robot_controller -> /home/kerim/ros2_ws/install/my_robot_controller/share/ament_index/resource_index/packages
[1.147s] symbolically linking /home/kerim/ros2_ws/build/my_robot_controller/package.xml -> /home/kerim/ros2_ws/install/my_robot_controller/share/my_robot_controller
[1.187s] Invoked command in '/home/kerim/ros2_ws/build/my_robot_controller' returned '0': PYTHONPATH=/home/kerim/ros2_ws/build/my_robot_controller/prefix_override:/home/kerim/ros2_ws/install/my_robot_controller/lib/python3.10/site-packages:${PYTHONPATH} /usr/bin/python3 -W ignore:setup.py install is deprecated setup.py develop --editable --build-directory /home/kerim/ros2_ws/build/my_robot_controller/build --no-deps symlink_data --force
